<?xml version="1.0" encoding="UTF-8"?>
<!-- Generated by org.testng.reporters.JUnitReportReporter -->
<testsuite hostname="DESKTOP-VV9CGCD" failures="0" tests="1" name="com.pageObjects.Atest" time="0.012" errors="0" timestamp="21 Apr 2021 19:25:39 GMT" skipped="0">
  <testcase classname="com.pageObjects.Atest" name="method" time="0.012"/>
</testsuite> <!-- com.pageObjects.Atest -->
